<?xml version="1.0" encoding="UTF-8"?>
<testng-results ignored="1" total="2" passed="1" failed="0" skipped="0">
  <reporter-output>
  </reporter-output>
  <suite started-at="2023-11-18T21:32:23Z" name="Default suite" finished-at="2023-11-18T21:32:32Z" duration-ms="8571">
    <groups>
    </groups>
    <test started-at="2023-11-18T21:32:23Z" name="Default test" finished-at="2023-11-18T21:32:32Z" duration-ms="8571">
      <class name="links.broken.BrokenLinks">
        <test-method signature="xpath()[pri:0, instance:links.broken.BrokenLinks@17d88132]" started-at="2023-11-18T21:32:23Z" name="xpath" finished-at="2023-11-18T21:32:32Z" duration-ms="8547" status="PASS">
          <reporter-output>
          </reporter-output>
        </test-method> <!-- xpath -->
      </class> <!-- links.broken.BrokenLinks -->
    </test> <!-- Default test -->
  </suite> <!-- Default suite -->
</testng-results>
